<?xml version="1.0" encoding="UTF-8"?>
<!-- Generated by org.testng.reporters.JUnitReportReporter -->
<testsuite skipped="0" hostname="INCHLPT113" name="API_RestAssured.API_RestAssured.SimpleGetTest" tests="1" failures="0" timestamp="23 Apr 2019 09:03:34 GMT" time="5.851" errors="0">
  <testcase name="GetWeatherDetails" time="5.851" classname="API_RestAssured.API_RestAssured.SimpleGetTest"/>
</testsuite> <!-- API_RestAssured.API_RestAssured.SimpleGetTest -->
