<?xml version="1.0" encoding="UTF-8"?>
<!-- Generated by org.testng.reporters.JUnitReportReporter -->
<testsuite skipped="0" hostname="INCHLPT113" name="Com.Mukesh.Api.getData" tests="1" failures="0" timestamp="01 Jun 2019 14:13:41 GMT" time="3.590" errors="0">
  <testcase name="postcallworking" time="3.590" classname="Com.Mukesh.Api.getData"/>
</testsuite> <!-- Com.Mukesh.Api.getData -->
